#! /usr/bin/vvp
:ivl_version "10.3 (stable)";
:ivl_delay_selection "TYPICAL";
:vpi_time_precision - 12;
:vpi_module "system";
:vpi_module "vhdl_sys";
:vpi_module "v2005_math";
:vpi_module "va_math";
S_0x5617458f3480 .scope module, "test" "test" 2 2;
 .timescale -3 -12;
v0x5617459560a0_0 .var "AL_ON", 0 0;
v0x561745956160_0 .net "Alarm", 0 0, v0x56174592d4c0_0;  1 drivers
v0x561745956200_0 .var "H_in0", 3 0;
v0x5617459562a0_0 .var "H_in1", 1 0;
v0x561745956340_0 .net "H_out0", 3 0, L_0x561745978fa0;  1 drivers
v0x5617459563e0_0 .net "H_out1", 1 0, L_0x561745979100;  1 drivers
v0x561745956480_0 .var "LD_alarm", 0 0;
v0x561745956520_0 .var "LD_time", 0 0;
v0x5617459565f0_0 .var "M_in0", 3 0;
v0x5617459566c0_0 .var "M_in1", 3 0;
v0x561745956790_0 .net "M_out0", 3 0, L_0x561745979200;  1 drivers
v0x561745956860_0 .net "M_out1", 3 0, L_0x561745979370;  1 drivers
v0x561745956930_0 .var "STOP_al", 0 0;
v0x561745956a00_0 .net "S_out0", 3 0, L_0x5617459793e0;  1 drivers
v0x561745956ad0_0 .net "S_out1", 3 0, L_0x561745979300;  1 drivers
v0x561745956ba0_0 .var "clk", 0 0;
v0x561745956c70_0 .var "reset", 0 0;
E_0x5617458be060 .event edge, v0x56174592d4c0_0;
S_0x5617458fd3e0 .scope module, "uut" "iiitb_aclock" 2 26, 3 3 0, S_0x5617458f3480;
 .timescale 0 0;
    .port_info 0 /INPUT 1 "reset"
    .port_info 1 /INPUT 1 "clk"
    .port_info 2 /INPUT 2 "H_in1"
    .port_info 3 /INPUT 4 "H_in0"
    .port_info 4 /INPUT 4 "M_in1"
    .port_info 5 /INPUT 4 "M_in0"
    .port_info 6 /INPUT 1 "LD_time"
    .port_info 7 /INPUT 1 "LD_alarm"
    .port_info 8 /INPUT 1 "STOP_al"
    .port_info 9 /INPUT 1 "AL_ON"
    .port_info 10 /OUTPUT 1 "Alarm"
    .port_info 11 /OUTPUT 2 "H_out1"
    .port_info 12 /OUTPUT 4 "H_out0"
    .port_info 13 /OUTPUT 4 "M_out1"
    .port_info 14 /OUTPUT 4 "M_out0"
    .port_info 15 /OUTPUT 4 "S_out1"
    .port_info 16 /OUTPUT 4 "S_out0"
L_0x561745966f50 .functor NOT 6, L_0x561745967dc0, C4<000000>, C4<000000>, C4<000000>;
L_0x561745967d50 .functor NOT 6, L_0x561745967f00, C4<000000>, C4<000000>, C4<000000>;
L_0x5617459737d0 .functor BUFZ 4, L_0x5617459731d0, C4<0000>, C4<0000>, C4<0000>;
L_0x5617459781d0 .functor BUFZ 4, L_0x561745973cc0, C4<0000>, C4<0000>, C4<0000>;
L_0x5617459787c0 .functor BUFZ 4, L_0x561745974730, C4<0000>, C4<0000>, C4<0000>;
L_0x561745978920 .functor BUFZ 4, L_0x5617459760b0, C4<0000>, C4<0000>, C4<0000>;
L_0x561745978ee0 .functor BUFZ 4, L_0x561745977550, C4<0000>, C4<0000>, C4<0000>;
L_0x561745978fa0 .functor BUFZ 4, L_0x5617459731d0, C4<0000>, C4<0000>, C4<0000>;
L_0x561745979100 .functor BUFZ 2, L_0x5617459707b0, C4<00>, C4<00>, C4<00>;
L_0x561745979200 .functor BUFZ 4, L_0x561745973cc0, C4<0000>, C4<0000>, C4<0000>;
L_0x561745979370 .functor BUFZ 4, L_0x5617459760b0, C4<0000>, C4<0000>, C4<0000>;
L_0x5617459793e0 .functor BUFZ 4, L_0x561745974730, C4<0000>, C4<0000>, C4<0000>;
L_0x561745979300 .functor BUFZ 4, L_0x561745977550, C4<0000>, C4<0000>, C4<0000>;
v0x56174592cff0_0 .net "AL_ON", 0 0, v0x5617459560a0_0;  1 drivers
v0x56174592d4c0_0 .var "Alarm", 0 0;
v0x56174592d590_0 .net "H_in0", 3 0, v0x561745956200_0;  1 drivers
v0x56174592da60_0 .net "H_in1", 1 0, v0x5617459562a0_0;  1 drivers
v0x56174592db30_0 .net "H_out0", 3 0, L_0x561745978fa0;  alias, 1 drivers
v0x56174592e000_0 .net "H_out1", 1 0, L_0x561745979100;  alias, 1 drivers
v0x56174592e0d0_0 .net "LD_alarm", 0 0, v0x561745956480_0;  1 drivers
v0x561745947f60_0 .net "LD_time", 0 0, v0x561745956520_0;  1 drivers
v0x561745948020_0 .net "M_in0", 3 0, v0x5617459565f0_0;  1 drivers
v0x561745948100_0 .net "M_in1", 3 0, v0x5617459566c0_0;  1 drivers
v0x5617459481e0_0 .net "M_out0", 3 0, L_0x561745979200;  alias, 1 drivers
v0x5617459482c0_0 .net "M_out1", 3 0, L_0x561745979370;  alias, 1 drivers
v0x5617459483a0_0 .net "STOP_al", 0 0, v0x561745956930_0;  1 drivers
v0x561745948460_0 .net "S_out0", 3 0, L_0x5617459793e0;  alias, 1 drivers
v0x561745948540_0 .net "S_out1", 3 0, L_0x561745979300;  alias, 1 drivers
v0x561745948620_0 .net "_000_", 0 0, L_0x5617459701f0;  1 drivers
v0x5617459486e0_0 .net "_001_", 3 0, L_0x561745972230;  1 drivers
v0x5617459487c0_0 .net "_002_", 1 0, L_0x561745972320;  1 drivers
v0x5617459488a0_0 .net "_003_", 3 0, L_0x561745971d20;  1 drivers
v0x561745948980_0 .net "_004_", 3 0, L_0x561745971e50;  1 drivers
v0x561745948a60_0 .net "_005_", 3 0, L_0x561745971770;  1 drivers
v0x561745948b40_0 .net "_006_", 3 0, L_0x561745971900;  1 drivers
v0x561745948c20_0 .net "_007_", 0 0, L_0x561745971360;  1 drivers
v0x561745948ce0_0 .net "_008_", 3 0, L_0x5617459711d0;  1 drivers
v0x561745948dc0_0 .net "_009_", 5 0, L_0x56174596f920;  1 drivers
v0x561745948ea0_0 .net "_010_", 5 0, L_0x56174596eb30;  1 drivers
v0x561745948f80_0 .net "_011_", 5 0, L_0x561745972c90;  1 drivers
v0x561745949060_0 .net "_012_", 1 0, L_0x561745970380;  1 drivers
v0x561745949140_0 .net "_013_", 31 0, L_0x561745966eb0;  1 drivers
v0x561745949220_0 .net "_014_", 31 0, L_0x561745967180;  1 drivers
v0x561745949300_0 .net "_015_", 31 0, L_0x561745967410;  1 drivers
v0x5617459493e0_0 .net "_016_", 31 0, L_0x5617459676e0;  1 drivers
v0x5617459494c0_0 .net "_017_", 31 0, L_0x561745967990;  1 drivers
v0x5617459495a0_0 .net "_018_", 31 0, L_0x561745967c30;  1 drivers
v0x561745949680_0 .net "_019_", 5 0, L_0x561745966f50;  1 drivers
v0x561745949760_0 .net "_020_", 5 0, L_0x561745967d50;  1 drivers
v0x561745949840_0 .net "_021_", 5 0, L_0x561745968160;  1 drivers
v0x561745949920_0 .net "_022_", 5 0, L_0x561745968450;  1 drivers
v0x561745949a00_0 .net "_023_", 5 0, L_0x561745968630;  1 drivers
v0x561745949ae0_0 .net "_024_", 5 0, L_0x561745968720;  1 drivers
v0x561745949bc0_0 .net "_025_", 0 0, L_0x561745968cb0;  1 drivers
v0x561745949c80_0 .net "_026_", 0 0, L_0x561745969030;  1 drivers
v0x561745949d40_0 .net "_027_", 0 0, L_0x561745969390;  1 drivers
v0x561745949e00_0 .net "_028_", 0 0, L_0x5617459696b0;  1 drivers
v0x561745949ec0_0 .net "_029_", 0 0, L_0x561745969a60;  1 drivers
v0x561745949f80_0 .net "_030_", 0 0, L_0x561745969da0;  1 drivers
v0x56174594a040_0 .net "_031_", 0 0, L_0x56174596a0d0;  1 drivers
v0x56174594a100_0 .net "_032_", 0 0, L_0x56174596a000;  1 drivers
v0x56174594a1c0_0 .net "_033_", 0 0, L_0x56174596a6e0;  1 drivers
v0x56174594a280_0 .net "_034_", 0 0, L_0x56174596aae0;  1 drivers
v0x56174594a340_0 .net "_035_", 0 0, L_0x56174596ae70;  1 drivers
v0x56174594a400_0 .net "_036_", 0 0, L_0x56174596b1f0;  1 drivers
v0x56174594a4c0_0 .net "_037_", 0 0, L_0x56174596b5d0;  1 drivers
v0x56174594a580_0 .net "_038_", 0 0, L_0x56174596b9c0;  1 drivers
v0x56174594a640_0 .net "_039_", 0 0, L_0x56174596bdc0;  1 drivers
v0x56174594a700_0 .net "_040_", 0 0, L_0x56174596bc20;  1 drivers
v0x56174594a7c0_0 .net "_041_", 0 0, L_0x56174596c4c0;  1 drivers
v0x56174594a880_0 .net "_042_", 0 0, L_0x56174596c8c0;  1 drivers
v0x56174594a940_0 .net "_043_", 31 0, L_0x56174596cd50;  1 drivers
v0x56174594aa20_0 .net "_044_", 31 0, L_0x56174596d1c0;  1 drivers
v0x56174594ab00_0 .net "_045_", 31 0, L_0x56174596d640;  1 drivers
v0x56174594abe0_0 .net "_046_", 31 0, L_0x56174596dad0;  1 drivers
v0x56174594acc0_0 .net "_047_", 31 0, L_0x56174596dfc0;  1 drivers
v0x56174594ada0_0 .net "_048_", 5 0, L_0x56174596e580;  1 drivers
v0x56174594ae80_0 .net "_049_", 5 0, L_0x56174596e710;  1 drivers
v0x56174594b370_0 .net "_050_", 5 0, L_0x56174596efb0;  1 drivers
v0x56174594b450_0 .net "_051_", 5 0, L_0x56174596f3a0;  1 drivers
v0x56174594b530_0 .net "_052_", 5 0, L_0x56174596f490;  1 drivers
v0x56174594b610_0 .net "_053_", 0 0, L_0x56174596fc90;  1 drivers
v0x56174594b6d0_0 .net "_054_", 0 0, L_0x56174596fe20;  1 drivers
v0x56174594b790_0 .net "_055_", 3 0, L_0x561745970ce0;  1 drivers
v0x56174594b870_0 .net "_056_", 5 0, L_0x561745972800;  1 drivers
v0x56174594b950_0 .net "_057_", 31 0, L_0x561745977bb0;  1 drivers
v0x56174594ba30_0 .net "_058_", 31 0, L_0x5617459780e0;  1 drivers
v0x56174594bb10_0 .net "_059_", 31 0, L_0x5617459782d0;  1 drivers
v0x56174594bbf0_0 .net "_060_", 31 0, L_0x561745974f20;  1 drivers
v0x56174594bcd0_0 .net "_061_", 31 0, L_0x561745975430;  1 drivers
v0x56174594bdb0_0 .net "_062_", 31 0, L_0x5617459755c0;  1 drivers
v0x56174594be90_0 .net "_063_", 31 0, L_0x561745975ae0;  1 drivers
v0x56174594bf70_0 .net "_064_", 31 0, L_0x561745978830;  1 drivers
v0x56174594c050_0 .net "_065_", 31 0, L_0x5617459766e0;  1 drivers
v0x56174594c130_0 .net "_066_", 31 0, L_0x561745976870;  1 drivers
v0x56174594c210_0 .net "_067_", 31 0, L_0x561745976dc0;  1 drivers
v0x56174594c2f0_0 .net "_068_", 31 0, L_0x561745976f50;  1 drivers
v0x56174594c3d0_0 .net "_069_", 31 0, L_0x561745978a30;  1 drivers
v0x56174594c4b0_0 .var "_108_", 5 0;
v0x56174594c590_0 .var "_109_", 5 0;
v0x56174594c670_0 .net *"_s0", 31 0, L_0x561745956d40;  1 drivers
v0x56174594c750_0 .net *"_s102", 31 0, L_0x561745969820;  1 drivers
L_0x7f8b254935b8 .functor BUFT 1, C4<00000000000000000000000000>, C4<0>, C4<0>, C4<0>;
v0x56174594c830_0 .net *"_s105", 25 0, L_0x7f8b254935b8;  1 drivers
L_0x7f8b25493600 .functor BUFT 1, C4<00000000000000000000000000110010>, C4<0>, C4<0>, C4<0>;
v0x56174594c910_0 .net/2u *"_s106", 31 0, L_0x7f8b25493600;  1 drivers
L_0x7f8b254930a8 .functor BUFT 1, C4<0000000000000000000000000000>, C4<0>, C4<0>, C4<0>;
v0x56174594c9f0_0 .net *"_s11", 27 0, L_0x7f8b254930a8;  1 drivers
v0x56174594cad0_0 .net *"_s110", 31 0, L_0x561745969ba0;  1 drivers
L_0x7f8b25493648 .functor BUFT 1, C4<00000000000000000000000000>, C4<0>, C4<0>, C4<0>;
v0x56174594cbb0_0 .net *"_s113", 25 0, L_0x7f8b25493648;  1 drivers
L_0x7f8b25493690 .functor BUFT 1, C4<00000000000000000000000000101000>, C4<0>, C4<0>, C4<0>;
v0x56174594cc90_0 .net/2u *"_s114", 31 0, L_0x7f8b25493690;  1 drivers
v0x56174594cd70_0 .net *"_s118", 31 0, L_0x561745969f10;  1 drivers
L_0x7f8b254936d8 .functor BUFT 1, C4<00000000000000000000000000>, C4<0>, C4<0>, C4<0>;
v0x56174594ce50_0 .net *"_s121", 25 0, L_0x7f8b254936d8;  1 drivers
L_0x7f8b25493720 .functor BUFT 1, C4<00000000000000000000000000011110>, C4<0>, C4<0>, C4<0>;
v0x56174594cf30_0 .net/2u *"_s122", 31 0, L_0x7f8b25493720;  1 drivers
v0x56174594d010_0 .net *"_s126", 31 0, L_0x56174596a240;  1 drivers
L_0x7f8b25493768 .functor BUFT 1, C4<00000000000000000000000000>, C4<0>, C4<0>, C4<0>;
v0x56174594d0f0_0 .net *"_s129", 25 0, L_0x7f8b25493768;  1 drivers
L_0x7f8b254937b0 .functor BUFT 1, C4<00000000000000000000000000010100>, C4<0>, C4<0>, C4<0>;
v0x56174594d1d0_0 .net/2u *"_s130", 31 0, L_0x7f8b254937b0;  1 drivers
v0x56174594d2b0_0 .net *"_s134", 31 0, L_0x56174596a4b0;  1 drivers
L_0x7f8b254937f8 .functor BUFT 1, C4<00000000000000000000000000>, C4<0>, C4<0>, C4<0>;
v0x56174594d390_0 .net *"_s137", 25 0, L_0x7f8b254937f8;  1 drivers
L_0x7f8b25493840 .functor BUFT 1, C4<00000000000000000000000000001010>, C4<0>, C4<0>, C4<0>;
v0x56174594d470_0 .net/2u *"_s138", 31 0, L_0x7f8b25493840;  1 drivers
v0x56174594d550_0 .net *"_s14", 31 0, L_0x5617459672d0;  1 drivers
v0x56174594d630_0 .net *"_s142", 31 0, L_0x56174596a850;  1 drivers
L_0x7f8b25493888 .functor BUFT 1, C4<00000000000000000000000000>, C4<0>, C4<0>, C4<0>;
v0x56174594d710_0 .net *"_s145", 25 0, L_0x7f8b25493888;  1 drivers
L_0x7f8b254938d0 .functor BUFT 1, C4<00000000000000000000000000110010>, C4<0>, C4<0>, C4<0>;
v0x56174594d7f0_0 .net/2u *"_s146", 31 0, L_0x7f8b254938d0;  1 drivers
v0x56174594d8d0_0 .net *"_s150", 31 0, L_0x56174596ac20;  1 drivers
L_0x7f8b25493918 .functor BUFT 1, C4<00000000000000000000000000>, C4<0>, C4<0>, C4<0>;
v0x56174594d9b0_0 .net *"_s153", 25 0, L_0x7f8b25493918;  1 drivers
L_0x7f8b25493960 .functor BUFT 1, C4<00000000000000000000000000101000>, C4<0>, C4<0>, C4<0>;
v0x56174594da90_0 .net/2u *"_s154", 31 0, L_0x7f8b25493960;  1 drivers
v0x56174594db70_0 .net *"_s158", 31 0, L_0x56174596afe0;  1 drivers
L_0x7f8b254939a8 .functor BUFT 1, C4<00000000000000000000000000>, C4<0>, C4<0>, C4<0>;
v0x56174594dc50_0 .net *"_s161", 25 0, L_0x7f8b254939a8;  1 drivers
L_0x7f8b254939f0 .functor BUFT 1, C4<00000000000000000000000000011110>, C4<0>, C4<0>, C4<0>;
v0x56174594dd30_0 .net/2u *"_s162", 31 0, L_0x7f8b254939f0;  1 drivers
v0x56174594de10_0 .net *"_s166", 31 0, L_0x56174596b360;  1 drivers
L_0x7f8b25493a38 .functor BUFT 1, C4<00000000000000000000000000>, C4<0>, C4<0>, C4<0>;
v0x56174594def0_0 .net *"_s169", 25 0, L_0x7f8b25493a38;  1 drivers
L_0x7f8b254930f0 .functor BUFT 1, C4<0000000000000000000000000000>, C4<0>, C4<0>, C4<0>;
v0x56174594dfd0_0 .net *"_s17", 27 0, L_0x7f8b254930f0;  1 drivers
L_0x7f8b25493a80 .functor BUFT 1, C4<00000000000000000000000000010100>, C4<0>, C4<0>, C4<0>;
v0x56174594e0b0_0 .net/2u *"_s170", 31 0, L_0x7f8b25493a80;  1 drivers
v0x56174594e190_0 .net *"_s174", 31 0, L_0x56174596b740;  1 drivers
L_0x7f8b25493ac8 .functor BUFT 1, C4<00000000000000000000000000>, C4<0>, C4<0>, C4<0>;
v0x56174594e270_0 .net *"_s177", 25 0, L_0x7f8b25493ac8;  1 drivers
L_0x7f8b25493b10 .functor BUFT 1, C4<00000000000000000000000000001010>, C4<0>, C4<0>, C4<0>;
v0x56174594e350_0 .net/2u *"_s178", 31 0, L_0x7f8b25493b10;  1 drivers
v0x56174594e430_0 .net *"_s182", 31 0, L_0x56174596bb30;  1 drivers
L_0x7f8b25493b58 .functor BUFT 1, C4<00000000000000000000000000>, C4<0>, C4<0>, C4<0>;
v0x56174594e510_0 .net *"_s185", 25 0, L_0x7f8b25493b58;  1 drivers
L_0x7f8b25493ba0 .functor BUFT 1, C4<00000000000000000000000000111011>, C4<0>, C4<0>, C4<0>;
v0x56174594e5f0_0 .net/2u *"_s186", 31 0, L_0x7f8b25493ba0;  1 drivers
v0x56174594e6d0_0 .net *"_s190", 31 0, L_0x56174596bf30;  1 drivers
L_0x7f8b25493be8 .functor BUFT 1, C4<00000000000000000000000000>, C4<0>, C4<0>, C4<0>;
v0x56174594e7b0_0 .net *"_s193", 25 0, L_0x7f8b25493be8;  1 drivers
L_0x7f8b25493c30 .functor BUFT 1, C4<00000000000000000000000000111011>, C4<0>, C4<0>, C4<0>;
v0x56174594e890_0 .net/2u *"_s194", 31 0, L_0x7f8b25493c30;  1 drivers
v0x56174594e970_0 .net *"_s198", 31 0, L_0x56174596c1d0;  1 drivers
v0x56174594ea50_0 .net *"_s20", 31 0, L_0x561745967570;  1 drivers
L_0x7f8b25493c78 .functor BUFT 1, C4<00000000000000000000000000>, C4<0>, C4<0>, C4<0>;
v0x56174594f340_0 .net *"_s201", 25 0, L_0x7f8b25493c78;  1 drivers
L_0x7f8b25493cc0 .functor BUFT 1, C4<00000000000000000000000000011000>, C4<0>, C4<0>, C4<0>;
v0x56174594f420_0 .net/2u *"_s202", 31 0, L_0x7f8b25493cc0;  1 drivers
v0x56174594f500_0 .net *"_s206", 31 0, L_0x56174596c600;  1 drivers
L_0x7f8b25493d08 .functor BUFT 1, C4<0000000000000000000000000000>, C4<0>, C4<0>, C4<0>;
v0x56174594f5e0_0 .net *"_s209", 27 0, L_0x7f8b25493d08;  1 drivers
L_0x7f8b25493d50 .functor BUFT 1, C4<00000000000000000000000000000101>, C4<0>, C4<0>, C4<0>;
v0x56174594f6c0_0 .net/2u *"_s210", 31 0, L_0x7f8b25493d50;  1 drivers
v0x56174594f7a0_0 .net *"_s214", 31 0, L_0x56174596ca30;  1 drivers
L_0x7f8b25493d98 .functor BUFT 1, C4<000000000000000000000000000000>, C4<0>, C4<0>, C4<0>;
v0x56174594f880_0 .net *"_s217", 29 0, L_0x7f8b25493d98;  1 drivers
L_0x7f8b25493de0 .functor BUFT 1, C4<00000000000000000000000000001010>, C4<0>, C4<0>, C4<0>;
v0x56174594f960_0 .net/2u *"_s218", 31 0, L_0x7f8b25493de0;  1 drivers
v0x56174594fa40_0 .net *"_s222", 31 0, L_0x56174596ce90;  1 drivers
L_0x7f8b25493e28 .functor BUFT 1, C4<0000000000000000000000000000>, C4<0>, C4<0>, C4<0>;
v0x56174594fb20_0 .net *"_s225", 27 0, L_0x7f8b25493e28;  1 drivers
L_0x7f8b25493e70 .functor BUFT 1, C4<00000000000000000000000000001010>, C4<0>, C4<0>, C4<0>;
v0x56174594fc00_0 .net/2u *"_s226", 31 0, L_0x7f8b25493e70;  1 drivers
L_0x7f8b25493138 .functor BUFT 1, C4<00000000000000000000000000>, C4<0>, C4<0>, C4<0>;
v0x56174594fce0_0 .net *"_s23", 25 0, L_0x7f8b25493138;  1 drivers
v0x56174594fdc0_0 .net *"_s230", 31 0, L_0x56174596d300;  1 drivers
L_0x7f8b25493eb8 .functor BUFT 1, C4<0000000000000000000000000000>, C4<0>, C4<0>, C4<0>;
v0x56174594fea0_0 .net *"_s233", 27 0, L_0x7f8b25493eb8;  1 drivers
L_0x7f8b25493f00 .functor BUFT 1, C4<00000000000000000000000000001010>, C4<0>, C4<0>, C4<0>;
v0x56174594ff80_0 .net/2u *"_s234", 31 0, L_0x7f8b25493f00;  1 drivers
v0x561745950060_0 .net *"_s238", 31 0, L_0x56174596d780;  1 drivers
L_0x7f8b25493180 .functor BUFT 1, C4<00000000000000000000000000000001>, C4<0>, C4<0>, C4<0>;
v0x561745950140_0 .net/2u *"_s24", 31 0, L_0x7f8b25493180;  1 drivers
L_0x7f8b25493f48 .functor BUFT 1, C4<000000000000000000000000000000>, C4<0>, C4<0>, C4<0>;
v0x561745950220_0 .net *"_s241", 29 0, L_0x7f8b25493f48;  1 drivers
L_0x7f8b25493f90 .functor BUFT 1, C4<00000000000000000000000000001010>, C4<0>, C4<0>, C4<0>;
v0x561745950300_0 .net/2u *"_s242", 31 0, L_0x7f8b25493f90;  1 drivers
v0x5617459503e0_0 .net *"_s246", 31 0, L_0x56174596dc60;  1 drivers
L_0x7f8b25493fd8 .functor BUFT 1, C4<0000000000000000000000000000>, C4<0>, C4<0>, C4<0>;
v0x5617459504c0_0 .net *"_s249", 27 0, L_0x7f8b25493fd8;  1 drivers
L_0x7f8b25494020 .functor BUFT 1, C4<00000000000000000000000000001010>, C4<0>, C4<0>, C4<0>;
v0x5617459505a0_0 .net/2u *"_s250", 31 0, L_0x7f8b25494020;  1 drivers
L_0x7f8b25494068 .functor BUFT 1, C4<000000>, C4<0>, C4<0>, C4<0>;
v0x561745950680_0 .net/2u *"_s258", 5 0, L_0x7f8b25494068;  1 drivers
v0x561745950760_0 .net *"_s261", 5 0, L_0x56174596e260;  1 drivers
v0x561745950840_0 .net *"_s267", 5 0, L_0x56174596ea90;  1 drivers
L_0x7f8b254940b0 .functor BUFT 1, C4<000000>, C4<0>, C4<0>, C4<0>;
v0x561745950920_0 .net/2u *"_s270", 5 0, L_0x7f8b254940b0;  1 drivers
v0x561745950a00_0 .net *"_s273", 5 0, L_0x56174596eec0;  1 drivers
v0x561745950ae0_0 .net *"_s28", 31 0, L_0x561745967870;  1 drivers
v0x561745950bc0_0 .net *"_s281", 5 0, L_0x56174596f7f0;  1 drivers
L_0x7f8b254940f8 .functor BUFT 1, C4<1>, C4<0>, C4<0>, C4<0>;
v0x561745950ca0_0 .net/2u *"_s284", 0 0, L_0x7f8b254940f8;  1 drivers
L_0x7f8b25494140 .functor BUFT 1, C4<0>, C4<0>, C4<0>, C4<0>;
v0x561745950d80_0 .net/2u *"_s290", 0 0, L_0x7f8b25494140;  1 drivers
L_0x7f8b25494188 .functor BUFT 1, C4<01>, C4<0>, C4<0>, C4<0>;
v0x561745950e60_0 .net/2u *"_s294", 1 0, L_0x7f8b25494188;  1 drivers
L_0x7f8b254941d0 .functor BUFT 1, C4<00>, C4<0>, C4<0>, C4<0>;
v0x561745950f40_0 .net/2u *"_s296", 1 0, L_0x7f8b254941d0;  1 drivers
L_0x7f8b25493018 .functor BUFT 1, C4<0000000000000000000000000000>, C4<0>, C4<0>, C4<0>;
v0x561745951020_0 .net *"_s3", 27 0, L_0x7f8b25493018;  1 drivers
L_0x7f8b25494218 .functor BUFT 1, C4<10>, C4<0>, C4<0>, C4<0>;
v0x561745951100_0 .net/2u *"_s300", 1 0, L_0x7f8b25494218;  1 drivers
L_0x7f8b25494260 .functor BUFT 1, C4<0001>, C4<0>, C4<0>, C4<0>;
v0x5617459511e0_0 .net/2u *"_s304", 3 0, L_0x7f8b25494260;  1 drivers
v0x5617459512c0_0 .net *"_s307", 3 0, L_0x561745970940;  1 drivers
L_0x7f8b254931c8 .functor BUFT 1, C4<00000000000000000000000000>, C4<0>, C4<0>, C4<0>;
v0x5617459513a0_0 .net *"_s31", 25 0, L_0x7f8b254931c8;  1 drivers
v0x561745951480_0 .net *"_s311", 3 0, L_0x561745970e70;  1 drivers
L_0x7f8b254942a8 .functor BUFT 1, C4<0>, C4<0>, C4<0>, C4<0>;
v0x561745951560_0 .net/2u *"_s314", 0 0, L_0x7f8b254942a8;  1 drivers
L_0x7f8b254942f0 .functor BUFT 1, C4<1>, C4<0>, C4<0>, C4<0>;
v0x561745951640_0 .net/2u *"_s316", 0 0, L_0x7f8b254942f0;  1 drivers
L_0x7f8b25493210 .functor BUFT 1, C4<00000000000000000000000000000001>, C4<0>, C4<0>, C4<0>;
v0x561745951720_0 .net/2u *"_s32", 31 0, L_0x7f8b25493210;  1 drivers
L_0x7f8b25494338 .functor BUFT 1, C4<0000>, C4<0>, C4<0>, C4<0>;
v0x561745951800_0 .net/2u *"_s320", 3 0, L_0x7f8b25494338;  1 drivers
L_0x7f8b25494380 .functor BUFT 1, C4<0000>, C4<0>, C4<0>, C4<0>;
v0x5617459518e0_0 .net/2u *"_s324", 3 0, L_0x7f8b25494380;  1 drivers
L_0x7f8b254943c8 .functor BUFT 1, C4<000000>, C4<0>, C4<0>, C4<0>;
v0x5617459519c0_0 .net/2u *"_s336", 5 0, L_0x7f8b254943c8;  1 drivers
v0x561745951aa0_0 .net *"_s339", 5 0, L_0x561745972710;  1 drivers
L_0x7f8b25494410 .functor BUFT 1, C4<000000>, C4<0>, C4<0>, C4<0>;
v0x561745951b80_0 .net/2u *"_s342", 5 0, L_0x7f8b25494410;  1 drivers
v0x561745951c60_0 .net *"_s346", 27 0, L_0x561745972e10;  1 drivers
v0x561745951d40_0 .net *"_s351", 31 0, L_0x561745973310;  1 drivers
L_0x7f8b25494458 .functor BUFT 1, C4<00000000000000000000000000>, C4<0>, C4<0>, C4<0>;
v0x561745951e20_0 .net *"_s354", 25 0, L_0x7f8b25494458;  1 drivers
v0x561745951f00_0 .net *"_s355", 31 0, L_0x561745973730;  1 drivers
v0x561745951fe0_0 .net *"_s357", 27 0, L_0x5617459738e0;  1 drivers
v0x5617459520c0_0 .net *"_s36", 31 0, L_0x561745967b60;  1 drivers
v0x5617459521a0_0 .net *"_s362", 31 0, L_0x561745973e00;  1 drivers
L_0x7f8b254944a0 .functor BUFT 1, C4<00000000000000000000000000>, C4<0>, C4<0>, C4<0>;
v0x561745952280_0 .net *"_s365", 25 0, L_0x7f8b254944a0;  1 drivers
v0x561745952360_0 .net *"_s366", 31 0, L_0x5617459741f0;  1 drivers
v0x561745952440_0 .net *"_s368", 27 0, L_0x561745974330;  1 drivers
v0x561745952520_0 .net *"_s373", 31 0, L_0x561745974870;  1 drivers
L_0x7f8b254944e8 .functor BUFT 1, C4<00000000000000000000000000>, C4<0>, C4<0>, C4<0>;
v0x561745952600_0 .net *"_s376", 25 0, L_0x7f8b254944e8;  1 drivers
v0x5617459526e0_0 .net *"_s377", 31 0, L_0x561745974de0;  1 drivers
L_0x7f8b25494530 .functor BUFT 1, C4<00000000000000000000000000000001>, C4<0>, C4<0>, C4<0>;
v0x5617459527c0_0 .net/2u *"_s379", 31 0, L_0x7f8b25494530;  1 drivers
L_0x7f8b25494578 .functor BUFT 1, C4<00000000000000000000000000000000>, C4<0>, C4<0>, C4<0>;
v0x5617459528a0_0 .net/2u *"_s381", 31 0, L_0x7f8b25494578;  1 drivers
L_0x7f8b254945c0 .functor BUFT 1, C4<00000000000000000000000000000010>, C4<0>, C4<0>, C4<0>;
v0x561745952980_0 .net/2u *"_s385", 31 0, L_0x7f8b254945c0;  1 drivers
L_0x7f8b25494608 .functor BUFT 1, C4<00000000000000000000000000000011>, C4<0>, C4<0>, C4<0>;
v0x561745952a60_0 .net/2u *"_s389", 31 0, L_0x7f8b25494608;  1 drivers
L_0x7f8b25493258 .functor BUFT 1, C4<00000000000000000000000000>, C4<0>, C4<0>, C4<0>;
v0x561745952b40_0 .net *"_s39", 25 0, L_0x7f8b25493258;  1 drivers
L_0x7f8b25494650 .functor BUFT 1, C4<00000000000000000000000000000100>, C4<0>, C4<0>, C4<0>;
v0x561745952c20_0 .net/2u *"_s393", 31 0, L_0x7f8b25494650;  1 drivers
v0x561745952d00_0 .net *"_s397", 27 0, L_0x561745975c70;  1 drivers
L_0x7f8b25493060 .functor BUFT 1, C4<00000000000000000000000000000001>, C4<0>, C4<0>, C4<0>;
v0x561745952de0_0 .net/2u *"_s4", 31 0, L_0x7f8b25493060;  1 drivers
L_0x7f8b254932a0 .functor BUFT 1, C4<00000000000000000000000000000001>, C4<0>, C4<0>, C4<0>;
v0x561745952ec0_0 .net/2u *"_s40", 31 0, L_0x7f8b254932a0;  1 drivers
L_0x7f8b25494698 .functor BUFT 1, C4<00000000000000000000000000000101>, C4<0>, C4<0>, C4<0>;
v0x561745952fa0_0 .net/2u *"_s402", 31 0, L_0x7f8b25494698;  1 drivers
v0x561745953080_0 .net *"_s404", 31 0, L_0x5617459761a0;  1 drivers
L_0x7f8b254946e0 .functor BUFT 1, C4<00000000000000000000000000000001>, C4<0>, C4<0>, C4<0>;
v0x561745953160_0 .net/2u *"_s406", 31 0, L_0x7f8b254946e0;  1 drivers
L_0x7f8b25494728 .functor BUFT 1, C4<00000000000000000000000000000000>, C4<0>, C4<0>, C4<0>;
v0x561745953240_0 .net/2u *"_s408", 31 0, L_0x7f8b25494728;  1 drivers
L_0x7f8b25494770 .functor BUFT 1, C4<00000000000000000000000000000010>, C4<0>, C4<0>, C4<0>;
v0x561745953320_0 .net/2u *"_s412", 31 0, L_0x7f8b25494770;  1 drivers
L_0x7f8b254947b8 .functor BUFT 1, C4<00000000000000000000000000000011>, C4<0>, C4<0>, C4<0>;
v0x561745953400_0 .net/2u *"_s416", 31 0, L_0x7f8b254947b8;  1 drivers
L_0x7f8b25494800 .functor BUFT 1, C4<00000000000000000000000000000100>, C4<0>, C4<0>, C4<0>;
v0x5617459534e0_0 .net/2u *"_s420", 31 0, L_0x7f8b25494800;  1 drivers
v0x5617459535c0_0 .net *"_s424", 27 0, L_0x5617459774b0;  1 drivers
L_0x7f8b25494848 .functor BUFT 1, C4<00000000000000000000000000000101>, C4<0>, C4<0>, C4<0>;
v0x5617459536a0_0 .net/2u *"_s429", 31 0, L_0x7f8b25494848;  1 drivers
v0x561745953780_0 .net *"_s431", 31 0, L_0x561745977a20;  1 drivers
v0x561745953860_0 .net *"_s437", 3 0, L_0x5617459737d0;  1 drivers
v0x561745953940_0 .net *"_s442", 3 0, L_0x5617459781d0;  1 drivers
v0x561745953a20_0 .net *"_s447", 3 0, L_0x5617459787c0;  1 drivers
v0x561745953b00_0 .net *"_s45", 5 0, L_0x561745967dc0;  1 drivers
v0x561745953be0_0 .net *"_s452", 3 0, L_0x561745978920;  1 drivers
v0x561745953cc0_0 .net *"_s457", 3 0, L_0x561745978ee0;  1 drivers
v0x561745953da0_0 .net *"_s49", 5 0, L_0x561745967f00;  1 drivers
v0x561745953e80_0 .net *"_s53", 5 0, L_0x5617459680c0;  1 drivers
L_0x7f8b254932e8 .functor BUFT 1, C4<000000>, C4<0>, C4<0>, C4<0>;
v0x561745953f60_0 .net/2u *"_s54", 5 0, L_0x7f8b254932e8;  1 drivers
v0x561745954040_0 .net *"_s59", 5 0, L_0x5617459683b0;  1 drivers
L_0x7f8b25493330 .functor BUFT 1, C4<000000>, C4<0>, C4<0>, C4<0>;
v0x561745954120_0 .net/2u *"_s60", 5 0, L_0x7f8b25493330;  1 drivers
L_0x7f8b25493378 .functor BUFT 1, C4<000000>, C4<0>, C4<0>, C4<0>;
v0x561745954200_0 .net/2u *"_s64", 5 0, L_0x7f8b25493378;  1 drivers
L_0x7f8b254933c0 .functor BUFT 1, C4<000000>, C4<0>, C4<0>, C4<0>;
v0x5617459542e0_0 .net/2u *"_s68", 5 0, L_0x7f8b254933c0;  1 drivers
v0x5617459543c0_0 .net *"_s72", 21 0, L_0x5617459684f0;  1 drivers
v0x5617459544a0_0 .net *"_s74", 21 0, L_0x561745968a00;  1 drivers
v0x561745954580_0 .net *"_s78", 31 0, L_0x561745968e20;  1 drivers
v0x561745954660_0 .net *"_s8", 31 0, L_0x561745967040;  1 drivers
L_0x7f8b25493408 .functor BUFT 1, C4<0000000000000000000000000000>, C4<0>, C4<0>, C4<0>;
v0x561745954740_0 .net *"_s81", 27 0, L_0x7f8b25493408;  1 drivers
L_0x7f8b25493450 .functor BUFT 1, C4<00000000000000000000000000001010>, C4<0>, C4<0>, C4<0>;
v0x561745954820_0 .net/2u *"_s82", 31 0, L_0x7f8b25493450;  1 drivers
v0x561745954900_0 .net *"_s86", 31 0, L_0x561745969170;  1 drivers
L_0x7f8b25493498 .functor BUFT 1, C4<00000000000000000000000000>, C4<0>, C4<0>, C4<0>;
v0x5617459549e0_0 .net *"_s89", 25 0, L_0x7f8b25493498;  1 drivers
L_0x7f8b254934e0 .functor BUFT 1, C4<00000000000000000000000000010100>, C4<0>, C4<0>, C4<0>;
v0x561745954ac0_0 .net/2u *"_s90", 31 0, L_0x7f8b254934e0;  1 drivers
v0x561745954ba0_0 .net *"_s94", 31 0, L_0x5617459694d0;  1 drivers
L_0x7f8b25493528 .functor BUFT 1, C4<00000000000000000000000000>, C4<0>, C4<0>, C4<0>;
v0x561745954c80_0 .net *"_s97", 25 0, L_0x7f8b25493528;  1 drivers
L_0x7f8b25493570 .functor BUFT 1, C4<00000000000000000000000000001010>, C4<0>, C4<0>, C4<0>;
v0x561745954d60_0 .net/2u *"_s98", 31 0, L_0x7f8b25493570;  1 drivers
v0x561745954e40_0 .var "a_hour0", 3 0;
v0x561745954f20_0 .var "a_hour1", 1 0;
v0x561745955000_0 .var "a_min0", 3 0;
v0x5617459550e0_0 .var "a_min1", 3 0;
v0x5617459551c0_0 .var "a_sec0", 3 0;
v0x5617459552a0_0 .var "a_sec1", 3 0;
v0x561745955380_0 .net "c_hour0", 3 0, L_0x5617459731d0;  1 drivers
v0x561745955460_0 .net "c_hour1", 1 0, L_0x5617459707b0;  1 drivers
v0x561745955540_0 .net "c_min0", 3 0, L_0x561745973cc0;  1 drivers
v0x561745955620_0 .net "c_min1", 3 0, L_0x5617459760b0;  1 drivers
v0x561745955700_0 .net "c_sec0", 3 0, L_0x561745974730;  1 drivers
v0x5617459557e0_0 .net "c_sec1", 3 0, L_0x561745977550;  1 drivers
v0x5617459558c0_0 .net "clk", 0 0, v0x561745956ba0_0;  1 drivers
v0x561745955980_0 .var "clk_1s", 0 0;
v0x561745955a40_0 .net "reset", 0 0, v0x561745956c70_0;  1 drivers
v0x561745955b00_0 .var "tmp_1s", 3 0;
v0x561745955be0_0 .net "tmp_hour", 5 0, v0x56174594c4b0_0;  1 drivers
v0x561745955cc0_0 .net "tmp_minute", 5 0, v0x56174594c590_0;  1 drivers
v0x561745955da0_0 .var "tmp_second", 5 0;
E_0x5617458be350 .event posedge, v0x561745955a40_0, v0x561745955980_0;
E_0x5617458be640 .event posedge, v0x561745949ae0_0, v0x561745949920_0, v0x561745955980_0;
E_0x5617458be930 .event posedge, v0x561745949a00_0, v0x561745949840_0, v0x561745955980_0;
E_0x561745932780 .event posedge, v0x561745955a40_0, v0x5617459558c0_0;
L_0x561745956d40 .concat [ 4 28 0 0], v0x561745955b00_0, L_0x7f8b25493018;
L_0x561745966eb0 .arith/sum 32, L_0x561745956d40, L_0x7f8b25493060;
L_0x561745967040 .concat [ 4 28 0 0], v0x561745956200_0, L_0x7f8b254930a8;
L_0x561745967180 .arith/sum 32, L_0x56174596dad0, L_0x561745967040;
L_0x5617459672d0 .concat [ 4 28 0 0], v0x5617459565f0_0, L_0x7f8b254930f0;
L_0x561745967410 .arith/sum 32, L_0x56174596dfc0, L_0x5617459672d0;
L_0x561745967570 .concat [ 6 26 0 0], v0x561745955da0_0, L_0x7f8b25493138;
L_0x5617459676e0 .arith/sum 32, L_0x561745967570, L_0x7f8b25493180;
L_0x561745967870 .concat [ 6 26 0 0], v0x56174594c590_0, L_0x7f8b254931c8;
L_0x561745967990 .arith/sum 32, L_0x561745967870, L_0x7f8b25493210;
L_0x561745967b60 .concat [ 6 26 0 0], v0x56174594c4b0_0, L_0x7f8b25493258;
L_0x561745967c30 .arith/sum 32, L_0x561745967b60, L_0x7f8b254932a0;
L_0x561745967dc0 .part L_0x561745967180, 0, 6;
L_0x561745967f00 .part L_0x561745967410, 0, 6;
L_0x5617459680c0 .part L_0x561745967180, 0, 6;
L_0x561745968160 .functor MUXZ 6, L_0x7f8b254932e8, L_0x5617459680c0, v0x561745956c70_0, C4<>;
L_0x5617459683b0 .part L_0x561745967410, 0, 6;
L_0x561745968450 .functor MUXZ 6, L_0x7f8b25493330, L_0x5617459683b0, v0x561745956c70_0, C4<>;
L_0x561745968630 .functor MUXZ 6, L_0x7f8b25493378, L_0x561745966f50, v0x561745956c70_0, C4<>;
L_0x561745968720 .functor MUXZ 6, L_0x7f8b254933c0, L_0x561745967d50, v0x561745956c70_0, C4<>;
LS_0x5617459684f0_0_0 .concat [ 4 4 4 4], v0x5617459551c0_0, v0x5617459552a0_0, v0x561745955000_0, v0x5617459550e0_0;
LS_0x5617459684f0_0_4 .concat [ 4 2 0 0], v0x561745954e40_0, v0x561745954f20_0;
L_0x5617459684f0 .concat [ 16 6 0 0], LS_0x5617459684f0_0_0, LS_0x5617459684f0_0_4;
LS_0x561745968a00_0_0 .concat [ 4 4 4 4], L_0x561745974730, L_0x561745977550, L_0x561745973cc0, L_0x5617459760b0;
LS_0x561745968a00_0_4 .concat [ 4 2 0 0], L_0x5617459731d0, L_0x5617459707b0;
L_0x561745968a00 .concat [ 16 6 0 0], LS_0x561745968a00_0_0, LS_0x561745968a00_0_4;
L_0x561745968cb0 .cmp/eq 22, L_0x5617459684f0, L_0x561745968a00;
L_0x561745968e20 .concat [ 4 28 0 0], v0x561745955b00_0, L_0x7f8b25493408;
L_0x561745969030 .cmp/ge 32, L_0x561745968e20, L_0x7f8b25493450;
L_0x561745969170 .concat [ 6 26 0 0], v0x56174594c4b0_0, L_0x7f8b25493498;
L_0x561745969390 .cmp/ge 32, L_0x561745969170, L_0x7f8b254934e0;
L_0x5617459694d0 .concat [ 6 26 0 0], v0x56174594c4b0_0, L_0x7f8b25493528;
L_0x5617459696b0 .cmp/ge 32, L_0x5617459694d0, L_0x7f8b25493570;
L_0x561745969820 .concat [ 6 26 0 0], v0x56174594c590_0, L_0x7f8b254935b8;
L_0x561745969a60 .cmp/ge 32, L_0x561745969820, L_0x7f8b25493600;
L_0x561745969ba0 .concat [ 6 26 0 0], v0x56174594c590_0, L_0x7f8b25493648;
L_0x561745969da0 .cmp/ge 32, L_0x561745969ba0, L_0x7f8b25493690;
L_0x561745969f10 .concat [ 6 26 0 0], v0x56174594c590_0, L_0x7f8b254936d8;
L_0x56174596a0d0 .cmp/ge 32, L_0x561745969f10, L_0x7f8b25493720;
L_0x56174596a240 .concat [ 6 26 0 0], v0x56174594c590_0, L_0x7f8b25493768;
L_0x56174596a000 .cmp/ge 32, L_0x56174596a240, L_0x7f8b254937b0;
L_0x56174596a4b0 .concat [ 6 26 0 0], v0x56174594c590_0, L_0x7f8b254937f8;
L_0x56174596a6e0 .cmp/ge 32, L_0x56174596a4b0, L_0x7f8b25493840;
L_0x56174596a850 .concat [ 6 26 0 0], v0x561745955da0_0, L_0x7f8b25493888;
L_0x56174596aae0 .cmp/ge 32, L_0x56174596a850, L_0x7f8b254938d0;
L_0x56174596ac20 .concat [ 6 26 0 0], v0x561745955da0_0, L_0x7f8b25493918;
L_0x56174596ae70 .cmp/ge 32, L_0x56174596ac20, L_0x7f8b25493960;
L_0x56174596afe0 .concat [ 6 26 0 0], v0x561745955da0_0, L_0x7f8b254939a8;
L_0x56174596b1f0 .cmp/ge 32, L_0x56174596afe0, L_0x7f8b254939f0;
L_0x56174596b360 .concat [ 6 26 0 0], v0x561745955da0_0, L_0x7f8b25493a38;
L_0x56174596b5d0 .cmp/ge 32, L_0x56174596b360, L_0x7f8b25493a80;
L_0x56174596b740 .concat [ 6 26 0 0], v0x561745955da0_0, L_0x7f8b25493ac8;
L_0x56174596b9c0 .cmp/ge 32, L_0x56174596b740, L_0x7f8b25493b10;
L_0x56174596bb30 .concat [ 6 26 0 0], v0x561745955da0_0, L_0x7f8b25493b58;
L_0x56174596bdc0 .cmp/ge 32, L_0x56174596bb30, L_0x7f8b25493ba0;
L_0x56174596bf30 .concat [ 6 26 0 0], v0x56174594c590_0, L_0x7f8b25493be8;
L_0x56174596bc20 .cmp/ge 32, L_0x56174596bf30, L_0x7f8b25493c30;
L_0x56174596c1d0 .concat [ 6 26 0 0], v0x56174594c4b0_0, L_0x7f8b25493c78;
L_0x56174596c4c0 .cmp/ge 32, L_0x56174596c1d0, L_0x7f8b25493cc0;
L_0x56174596c600 .concat [ 4 28 0 0], v0x561745955b00_0, L_0x7f8b25493d08;
L_0x56174596c8c0 .cmp/ge 32, L_0x7f8b25493d50, L_0x56174596c600;
L_0x56174596ca30 .concat [ 2 30 0 0], L_0x5617459707b0, L_0x7f8b25493d98;
L_0x56174596cd50 .arith/mult 32, L_0x56174596ca30, L_0x7f8b25493de0;
L_0x56174596ce90 .concat [ 4 28 0 0], L_0x5617459760b0, L_0x7f8b25493e28;
L_0x56174596d1c0 .arith/mult 32, L_0x56174596ce90, L_0x7f8b25493e70;
L_0x56174596d300 .concat [ 4 28 0 0], L_0x561745977550, L_0x7f8b25493eb8;
L_0x56174596d640 .arith/mult 32, L_0x56174596d300, L_0x7f8b25493f00;
L_0x56174596d780 .concat [ 2 30 0 0], v0x5617459562a0_0, L_0x7f8b25493f48;
L_0x56174596dad0 .arith/mult 32, L_0x56174596d780, L_0x7f8b25493f90;
L_0x56174596dc60 .concat [ 4 28 0 0], v0x5617459566c0_0, L_0x7f8b25493fd8;
L_0x56174596dfc0 .arith/mult 32, L_0x56174596dc60, L_0x7f8b25494020;
L_0x56174596e260 .part L_0x561745967990, 0, 6;
L_0x56174596e580 .functor MUXZ 6, L_0x56174596e260, L_0x7f8b25494068, L_0x56174596bc20, C4<>;
L_0x56174596e710 .functor MUXZ 6, v0x56174594c590_0, L_0x56174596e580, L_0x56174596bdc0, C4<>;
L_0x56174596ea90 .part L_0x561745967410, 0, 6;
L_0x56174596eb30 .functor MUXZ 6, L_0x56174596e710, L_0x56174596ea90, v0x561745956520_0, C4<>;
L_0x56174596eec0 .part L_0x561745967c30, 0, 6;
L_0x56174596efb0 .functor MUXZ 6, L_0x56174596eec0, L_0x7f8b254940b0, L_0x56174596c4c0, C4<>;
L_0x56174596f3a0 .functor MUXZ 6, v0x56174594c4b0_0, L_0x56174596efb0, L_0x56174596bc20, C4<>;
L_0x56174596f490 .functor MUXZ 6, v0x56174594c4b0_0, L_0x56174596f3a0, L_0x56174596bdc0, C4<>;
L_0x56174596f7f0 .part L_0x561745967180, 0, 6;
L_0x56174596f920 .functor MUXZ 6, L_0x56174596f490, L_0x56174596f7f0, v0x561745956520_0, C4<>;
L_0x56174596fc90 .functor MUXZ 1, v0x56174592d4c0_0, L_0x7f8b254940f8, v0x5617459560a0_0, C4<>;
L_0x56174596fe20 .functor MUXZ 1, v0x56174592d4c0_0, L_0x56174596fc90, L_0x561745968cb0, C4<>;
L_0x5617459701f0 .functor MUXZ 1, L_0x56174596fe20, L_0x7f8b25494140, v0x561745956930_0, C4<>;
L_0x561745970380 .functor MUXZ 2, L_0x7f8b254941d0, L_0x7f8b25494188, L_0x5617459696b0, C4<>;
L_0x5617459707b0 .functor MUXZ 2, L_0x561745970380, L_0x7f8b25494218, L_0x561745969390, C4<>;
L_0x561745970940 .part L_0x561745966eb0, 0, 4;
L_0x561745970ce0 .functor MUXZ 4, L_0x561745970940, L_0x7f8b25494260, L_0x561745969030, C4<>;
L_0x561745970e70 .part L_0x561745966eb0, 0, 4;
L_0x5617459711d0 .functor MUXZ 4, L_0x561745970ce0, L_0x561745970e70, L_0x56174596c8c0, C4<>;
L_0x561745971360 .functor MUXZ 1, L_0x7f8b254942f0, L_0x7f8b254942a8, L_0x56174596c8c0, C4<>;
L_0x561745971770 .functor MUXZ 4, v0x5617459551c0_0, L_0x7f8b25494338, v0x561745956480_0, C4<>;
L_0x561745971900 .functor MUXZ 4, v0x5617459552a0_0, L_0x7f8b25494380, v0x561745956480_0, C4<>;
L_0x561745971d20 .functor MUXZ 4, v0x561745955000_0, v0x5617459565f0_0, v0x561745956480_0, C4<>;
L_0x561745971e50 .functor MUXZ 4, v0x5617459550e0_0, v0x5617459566c0_0, v0x561745956480_0, C4<>;
L_0x561745972230 .functor MUXZ 4, v0x561745954e40_0, v0x561745956200_0, v0x561745956480_0, C4<>;
L_0x561745972320 .functor MUXZ 2, v0x561745954f20_0, v0x5617459562a0_0, v0x561745956480_0, C4<>;
L_0x561745972710 .part L_0x5617459676e0, 0, 6;
L_0x561745972800 .functor MUXZ 6, L_0x561745972710, L_0x7f8b254943c8, L_0x56174596bdc0, C4<>;
L_0x561745972c90 .functor MUXZ 6, L_0x561745972800, L_0x7f8b25494410, v0x561745956520_0, C4<>;
L_0x561745972e10 .part L_0x561745973730, 4, 28;
L_0x5617459731d0 .part L_0x561745973730, 0, 4;
L_0x561745973310 .concat [ 6 26 0 0], v0x56174594c4b0_0, L_0x7f8b25494458;
L_0x561745973730 .arith/sub 32, L_0x561745973310, L_0x56174596cd50;
L_0x5617459738e0 .part L_0x5617459741f0, 4, 28;
L_0x561745973cc0 .part L_0x5617459741f0, 0, 4;
L_0x561745973e00 .concat [ 6 26 0 0], v0x56174594c590_0, L_0x7f8b254944a0;
L_0x5617459741f0 .arith/sub 32, L_0x561745973e00, L_0x56174596d1c0;
L_0x561745974330 .part L_0x561745974de0, 4, 28;
L_0x561745974730 .part L_0x561745974de0, 0, 4;
L_0x561745974870 .concat [ 6 26 0 0], v0x561745955da0_0, L_0x7f8b254944e8;
L_0x561745974de0 .arith/sub 32, L_0x561745974870, L_0x56174596d640;
L_0x561745974f20 .functor MUXZ 32, L_0x7f8b25494578, L_0x7f8b25494530, L_0x56174596a6e0, C4<>;
L_0x561745975430 .functor MUXZ 32, L_0x561745974f20, L_0x7f8b254945c0, L_0x56174596a000, C4<>;
L_0x5617459755c0 .functor MUXZ 32, L_0x561745975430, L_0x7f8b25494608, L_0x56174596a0d0, C4<>;
L_0x561745975ae0 .functor MUXZ 32, L_0x5617459755c0, L_0x7f8b25494650, L_0x561745969da0, C4<>;
L_0x561745975c70 .part L_0x5617459761a0, 4, 28;
L_0x5617459760b0 .part L_0x5617459761a0, 0, 4;
L_0x5617459761a0 .functor MUXZ 32, L_0x561745975ae0, L_0x7f8b25494698, L_0x561745969a60, C4<>;
L_0x5617459766e0 .functor MUXZ 32, L_0x7f8b25494728, L_0x7f8b254946e0, L_0x56174596b9c0, C4<>;
L_0x561745976870 .functor MUXZ 32, L_0x5617459766e0, L_0x7f8b25494770, L_0x56174596b5d0, C4<>;
L_0x561745976dc0 .functor MUXZ 32, L_0x561745976870, L_0x7f8b254947b8, L_0x56174596b1f0, C4<>;
L_0x561745976f50 .functor MUXZ 32, L_0x561745976dc0, L_0x7f8b25494800, L_0x56174596ae70, C4<>;
L_0x5617459774b0 .part L_0x561745977a20, 4, 28;
L_0x561745977550 .part L_0x561745977a20, 0, 4;
L_0x561745977a20 .functor MUXZ 32, L_0x561745976f50, L_0x7f8b25494848, L_0x56174596aae0, C4<>;
L_0x561745977bb0 .concat8 [ 4 28 0 0], L_0x5617459737d0, L_0x561745972e10;
L_0x5617459780e0 .concat8 [ 4 28 0 0], L_0x5617459781d0, L_0x5617459738e0;
L_0x5617459782d0 .concat8 [ 4 28 0 0], L_0x5617459787c0, L_0x561745974330;
L_0x561745978830 .concat8 [ 4 28 0 0], L_0x561745978920, L_0x561745975c70;
L_0x561745978a30 .concat8 [ 4 28 0 0], L_0x561745978ee0, L_0x5617459774b0;
    .scope S_0x5617458fd3e0;
T_0 ;
    %wait E_0x5617458be350;
    %load/vec4 v0x561745955a40_0;
    %flag_set/vec4 8;
    %jmp/0xz  T_0.0, 8;
    %pushi/vec4 0, 0, 1;
    %assign/vec4 v0x56174592d4c0_0, 0;
    %jmp T_0.1;
T_0.0 ;
    %load/vec4 v0x561745948620_0;
    %assign/vec4 v0x56174592d4c0_0, 0;
T_0.1 ;
    %jmp T_0;
    .thread T_0;
    .scope S_0x5617458fd3e0;
T_1 ;
    %wait E_0x561745932780;
    %load/vec4 v0x561745955a40_0;
    %flag_set/vec4 8;
    %jmp/0xz  T_1.0, 8;
    %pushi/vec4 0, 0, 1;
    %assign/vec4 v0x561745955980_0, 0;
    %jmp T_1.1;
T_1.0 ;
    %load/vec4 v0x561745948c20_0;
    %assign/vec4 v0x561745955980_0, 0;
T_1.1 ;
    %jmp T_1;
    .thread T_1;
    .scope S_0x5617458fd3e0;
T_2 ;
    %wait E_0x561745932780;
    %load/vec4 v0x561745955a40_0;
    %flag_set/vec4 8;
    %jmp/0xz  T_2.0, 8;
    %pushi/vec4 0, 0, 4;
    %assign/vec4 v0x561745955b00_0, 0;
    %jmp T_2.1;
T_2.0 ;
    %load/vec4 v0x561745948ce0_0;
    %assign/vec4 v0x561745955b00_0, 0;
T_2.1 ;
    %jmp T_2;
    .thread T_2;
    .scope S_0x5617458fd3e0;
T_3 ;
    %wait E_0x5617458be930;
    %load/vec4 v0x561745949a00_0;
    %cmpi/ne 0, 0, 6;
    %jmp/0xz  T_3.0, 4;
    %pushi/vec4 0, 0, 1;
    %ix/load 4, 0, 0;
    %ix/load 5, 0, 0;
    %flag_set/imm 4, 0;
    %assign/vec4/off/d v0x56174594c4b0_0, 4, 5;
    %jmp T_3.1;
T_3.0 ;
    %load/vec4 v0x561745949840_0;
    %cmpi/ne 0, 0, 6;
    %jmp/0xz  T_3.2, 4;
    %pushi/vec4 1, 0, 1;
    %ix/load 4, 0, 0;
    %ix/load 5, 0, 0;
    %flag_set/imm 4, 0;
    %assign/vec4/off/d v0x56174594c4b0_0, 4, 5;
    %jmp T_3.3;
T_3.2 ;
    %load/vec4 v0x561745948dc0_0;
    %parti/s 1, 0, 2;
    %ix/load 4, 0, 0;
    %ix/load 5, 0, 0;
    %flag_set/imm 4, 0;
    %assign/vec4/off/d v0x56174594c4b0_0, 4, 5;
T_3.3 ;
T_3.1 ;
    %jmp T_3;
    .thread T_3;
    .scope S_0x5617458fd3e0;
T_4 ;
    %wait E_0x5617458be930;
    %load/vec4 v0x561745949a00_0;
    %cmpi/ne 0, 0, 6;
    %jmp/0xz  T_4.0, 4;
    %pushi/vec4 0, 0, 1;
    %ix/load 4, 1, 0;
    %ix/load 5, 0, 0;
    %flag_set/imm 4, 0;
    %assign/vec4/off/d v0x56174594c4b0_0, 4, 5;
    %jmp T_4.1;
T_4.0 ;
    %load/vec4 v0x561745949840_0;
    %cmpi/ne 0, 0, 6;
    %jmp/0xz  T_4.2, 4;
    %pushi/vec4 1, 0, 1;
    %ix/load 4, 1, 0;
    %ix/load 5, 0, 0;
    %flag_set/imm 4, 0;
    %assign/vec4/off/d v0x56174594c4b0_0, 4, 5;
    %jmp T_4.3;
T_4.2 ;
    %load/vec4 v0x561745948dc0_0;
    %parti/s 1, 1, 2;
    %ix/load 4, 1, 0;
    %ix/load 5, 0, 0;
    %flag_set/imm 4, 0;
    %assign/vec4/off/d v0x56174594c4b0_0, 4, 5;
T_4.3 ;
T_4.1 ;
    %jmp T_4;
    .thread T_4;
    .scope S_0x5617458fd3e0;
T_5 ;
    %wait E_0x5617458be930;
    %load/vec4 v0x561745949a00_0;
    %cmpi/ne 0, 0, 6;
    %jmp/0xz  T_5.0, 4;
    %pushi/vec4 0, 0, 1;
    %ix/load 4, 2, 0;
    %ix/load 5, 0, 0;
    %flag_set/imm 4, 0;
    %assign/vec4/off/d v0x56174594c4b0_0, 4, 5;
    %jmp T_5.1;
T_5.0 ;
    %load/vec4 v0x561745949840_0;
    %cmpi/ne 0, 0, 6;
    %jmp/0xz  T_5.2, 4;
    %pushi/vec4 1, 0, 1;
    %ix/load 4, 2, 0;
    %ix/load 5, 0, 0;
    %flag_set/imm 4, 0;
    %assign/vec4/off/d v0x56174594c4b0_0, 4, 5;
    %jmp T_5.3;
T_5.2 ;
    %load/vec4 v0x561745948dc0_0;
    %parti/s 1, 2, 3;
    %ix/load 4, 2, 0;
    %ix/load 5, 0, 0;
    %flag_set/imm 4, 0;
    %assign/vec4/off/d v0x56174594c4b0_0, 4, 5;
T_5.3 ;
T_5.1 ;
    %jmp T_5;
    .thread T_5;
    .scope S_0x5617458fd3e0;
T_6 ;
    %wait E_0x5617458be930;
    %load/vec4 v0x561745949a00_0;
    %cmpi/ne 0, 0, 6;
    %jmp/0xz  T_6.0, 4;
    %pushi/vec4 0, 0, 1;
    %ix/load 4, 3, 0;
    %ix/load 5, 0, 0;
    %flag_set/imm 4, 0;
    %assign/vec4/off/d v0x56174594c4b0_0, 4, 5;
    %jmp T_6.1;
T_6.0 ;
    %load/vec4 v0x561745949840_0;
    %cmpi/ne 0, 0, 6;
    %jmp/0xz  T_6.2, 4;
    %pushi/vec4 1, 0, 1;
    %ix/load 4, 3, 0;
    %ix/load 5, 0, 0;
    %flag_set/imm 4, 0;
    %assign/vec4/off/d v0x56174594c4b0_0, 4, 5;
    %jmp T_6.3;
T_6.2 ;
    %load/vec4 v0x561745948dc0_0;
    %parti/s 1, 3, 3;
    %ix/load 4, 3, 0;
    %ix/load 5, 0, 0;
    %flag_set/imm 4, 0;
    %assign/vec4/off/d v0x56174594c4b0_0, 4, 5;
T_6.3 ;
T_6.1 ;
    %jmp T_6;
    .thread T_6;
    .scope S_0x5617458fd3e0;
T_7 ;
    %wait E_0x5617458be930;
    %load/vec4 v0x561745949a00_0;
    %cmpi/ne 0, 0, 6;
    %jmp/0xz  T_7.0, 4;
    %pushi/vec4 0, 0, 1;
    %ix/load 4, 4, 0;
    %ix/load 5, 0, 0;
    %flag_set/imm 4, 0;
    %assign/vec4/off/d v0x56174594c4b0_0, 4, 5;
    %jmp T_7.1;
T_7.0 ;
    %load/vec4 v0x561745949840_0;
    %cmpi/ne 0, 0, 6;
    %jmp/0xz  T_7.2, 4;
    %pushi/vec4 1, 0, 1;
    %ix/load 4, 4, 0;
    %ix/load 5, 0, 0;
    %flag_set/imm 4, 0;
    %assign/vec4/off/d v0x56174594c4b0_0, 4, 5;
    %jmp T_7.3;
T_7.2 ;
    %load/vec4 v0x561745948dc0_0;
    %parti/s 1, 4, 4;
    %ix/load 4, 4, 0;
    %ix/load 5, 0, 0;
    %flag_set/imm 4, 0;
    %assign/vec4/off/d v0x56174594c4b0_0, 4, 5;
T_7.3 ;
T_7.1 ;
    %jmp T_7;
    .thread T_7;
    .scope S_0x5617458fd3e0;
T_8 ;
    %wait E_0x5617458be930;
    %load/vec4 v0x561745949a00_0;
    %cmpi/ne 0, 0, 6;
    %jmp/0xz  T_8.0, 4;
    %pushi/vec4 0, 0, 1;
    %ix/load 4, 5, 0;
    %ix/load 5, 0, 0;
    %flag_set/imm 4, 0;
    %assign/vec4/off/d v0x56174594c4b0_0, 4, 5;
    %jmp T_8.1;
T_8.0 ;
    %load/vec4 v0x561745949840_0;
    %cmpi/ne 0, 0, 6;
    %jmp/0xz  T_8.2, 4;
    %pushi/vec4 1, 0, 1;
    %ix/load 4, 5, 0;
    %ix/load 5, 0, 0;
    %flag_set/imm 4, 0;
    %assign/vec4/off/d v0x56174594c4b0_0, 4, 5;
    %jmp T_8.3;
T_8.2 ;
    %load/vec4 v0x561745948dc0_0;
    %parti/s 1, 5, 4;
    %ix/load 4, 5, 0;
    %ix/load 5, 0, 0;
    %flag_set/imm 4, 0;
    %assign/vec4/off/d v0x56174594c4b0_0, 4, 5;
T_8.3 ;
T_8.1 ;
    %jmp T_8;
    .thread T_8;
    .scope S_0x5617458fd3e0;
T_9 ;
    %wait E_0x5617458be640;
    %load/vec4 v0x561745949ae0_0;
    %cmpi/ne 0, 0, 6;
    %jmp/0xz  T_9.0, 4;
    %pushi/vec4 0, 0, 1;
    %ix/load 4, 0, 0;
    %ix/load 5, 0, 0;
    %flag_set/imm 4, 0;
    %assign/vec4/off/d v0x56174594c590_0, 4, 5;
    %jmp T_9.1;
T_9.0 ;
    %load/vec4 v0x561745949920_0;
    %cmpi/ne 0, 0, 6;
    %jmp/0xz  T_9.2, 4;
    %pushi/vec4 1, 0, 1;
    %ix/load 4, 0, 0;
    %ix/load 5, 0, 0;
    %flag_set/imm 4, 0;
    %assign/vec4/off/d v0x56174594c590_0, 4, 5;
    %jmp T_9.3;
T_9.2 ;
    %load/vec4 v0x561745948ea0_0;
    %parti/s 1, 0, 2;
    %ix/load 4, 0, 0;
    %ix/load 5, 0, 0;
    %flag_set/imm 4, 0;
    %assign/vec4/off/d v0x56174594c590_0, 4, 5;
T_9.3 ;
T_9.1 ;
    %jmp T_9;
    .thread T_9;
    .scope S_0x5617458fd3e0;
T_10 ;
    %wait E_0x5617458be640;
    %load/vec4 v0x561745949ae0_0;
    %cmpi/ne 0, 0, 6;
    %jmp/0xz  T_10.0, 4;
    %pushi/vec4 0, 0, 1;
    %ix/load 4, 1, 0;
    %ix/load 5, 0, 0;
    %flag_set/imm 4, 0;
    %assign/vec4/off/d v0x56174594c590_0, 4, 5;
    %jmp T_10.1;
T_10.0 ;
    %load/vec4 v0x561745949920_0;
    %cmpi/ne 0, 0, 6;
    %jmp/0xz  T_10.2, 4;
    %pushi/vec4 1, 0, 1;
    %ix/load 4, 1, 0;
    %ix/load 5, 0, 0;
    %flag_set/imm 4, 0;
    %assign/vec4/off/d v0x56174594c590_0, 4, 5;
    %jmp T_10.3;
T_10.2 ;
    %load/vec4 v0x561745948ea0_0;
    %parti/s 1, 1, 2;
    %ix/load 4, 1, 0;
    %ix/load 5, 0, 0;
    %flag_set/imm 4, 0;
    %assign/vec4/off/d v0x56174594c590_0, 4, 5;
T_10.3 ;
T_10.1 ;
    %jmp T_10;
    .thread T_10;
    .scope S_0x5617458fd3e0;
T_11 ;
    %wait E_0x5617458be640;
    %load/vec4 v0x561745949ae0_0;
    %cmpi/ne 0, 0, 6;
    %jmp/0xz  T_11.0, 4;
    %pushi/vec4 0, 0, 1;
    %ix/load 4, 2, 0;
    %ix/load 5, 0, 0;
    %flag_set/imm 4, 0;
    %assign/vec4/off/d v0x56174594c590_0, 4, 5;
    %jmp T_11.1;
T_11.0 ;
    %load/vec4 v0x561745949920_0;
    %cmpi/ne 0, 0, 6;
    %jmp/0xz  T_11.2, 4;
    %pushi/vec4 1, 0, 1;
    %ix/load 4, 2, 0;
    %ix/load 5, 0, 0;
    %flag_set/imm 4, 0;
    %assign/vec4/off/d v0x56174594c590_0, 4, 5;
    %jmp T_11.3;
T_11.2 ;
    %load/vec4 v0x561745948ea0_0;
    %parti/s 1, 2, 3;
    %ix/load 4, 2, 0;
    %ix/load 5, 0, 0;
    %flag_set/imm 4, 0;
    %assign/vec4/off/d v0x56174594c590_0, 4, 5;
T_11.3 ;
T_11.1 ;
    %jmp T_11;
    .thread T_11;
    .scope S_0x5617458fd3e0;
T_12 ;
    %wait E_0x5617458be640;
    %load/vec4 v0x561745949ae0_0;
    %cmpi/ne 0, 0, 6;
    %jmp/0xz  T_12.0, 4;
    %pushi/vec4 0, 0, 1;
    %ix/load 4, 3, 0;
    %ix/load 5, 0, 0;
    %flag_set/imm 4, 0;
    %assign/vec4/off/d v0x56174594c590_0, 4, 5;
    %jmp T_12.1;
T_12.0 ;
    %load/vec4 v0x561745949920_0;
    %cmpi/ne 0, 0, 6;
    %jmp/0xz  T_12.2, 4;
    %pushi/vec4 1, 0, 1;
    %ix/load 4, 3, 0;
    %ix/load 5, 0, 0;
    %flag_set/imm 4, 0;
    %assign/vec4/off/d v0x56174594c590_0, 4, 5;
    %jmp T_12.3;
T_12.2 ;
    %load/vec4 v0x561745948ea0_0;
    %parti/s 1, 3, 3;
    %ix/load 4, 3, 0;
    %ix/load 5, 0, 0;
    %flag_set/imm 4, 0;
    %assign/vec4/off/d v0x56174594c590_0, 4, 5;
T_12.3 ;
T_12.1 ;
    %jmp T_12;
    .thread T_12;
    .scope S_0x5617458fd3e0;
T_13 ;
    %wait E_0x5617458be640;
    %load/vec4 v0x561745949ae0_0;
    %cmpi/ne 0, 0, 6;
    %jmp/0xz  T_13.0, 4;
    %pushi/vec4 0, 0, 1;
    %ix/load 4, 4, 0;
    %ix/load 5, 0, 0;
    %flag_set/imm 4, 0;
    %assign/vec4/off/d v0x56174594c590_0, 4, 5;
    %jmp T_13.1;
T_13.0 ;
    %load/vec4 v0x561745949920_0;
    %cmpi/ne 0, 0, 6;
    %jmp/0xz  T_13.2, 4;
    %pushi/vec4 1, 0, 1;
    %ix/load 4, 4, 0;
    %ix/load 5, 0, 0;
    %flag_set/imm 4, 0;
    %assign/vec4/off/d v0x56174594c590_0, 4, 5;
    %jmp T_13.3;
T_13.2 ;
    %load/vec4 v0x561745948ea0_0;
    %parti/s 1, 4, 4;
    %ix/load 4, 4, 0;
    %ix/load 5, 0, 0;
    %flag_set/imm 4, 0;
    %assign/vec4/off/d v0x56174594c590_0, 4, 5;
T_13.3 ;
T_13.1 ;
    %jmp T_13;
    .thread T_13;
    .scope S_0x5617458fd3e0;
T_14 ;
    %wait E_0x5617458be640;
    %load/vec4 v0x561745949ae0_0;
    %cmpi/ne 0, 0, 6;
    %jmp/0xz  T_14.0, 4;
    %pushi/vec4 0, 0, 1;
    %ix/load 4, 5, 0;
    %ix/load 5, 0, 0;
    %flag_set/imm 4, 0;
    %assign/vec4/off/d v0x56174594c590_0, 4, 5;
    %jmp T_14.1;
T_14.0 ;
    %load/vec4 v0x561745949920_0;
    %cmpi/ne 0, 0, 6;
    %jmp/0xz  T_14.2, 4;
    %pushi/vec4 1, 0, 1;
    %ix/load 4, 5, 0;
    %ix/load 5, 0, 0;
    %flag_set/imm 4, 0;
    %assign/vec4/off/d v0x56174594c590_0, 4, 5;
    %jmp T_14.3;
T_14.2 ;
    %load/vec4 v0x561745948ea0_0;
    %parti/s 1, 5, 4;
    %ix/load 4, 5, 0;
    %ix/load 5, 0, 0;
    %flag_set/imm 4, 0;
    %assign/vec4/off/d v0x56174594c590_0, 4, 5;
T_14.3 ;
T_14.1 ;
    %jmp T_14;
    .thread T_14;
    .scope S_0x5617458fd3e0;
T_15 ;
    %wait E_0x5617458be350;
    %load/vec4 v0x561745955a40_0;
    %flag_set/vec4 8;
    %jmp/0xz  T_15.0, 8;
    %pushi/vec4 0, 0, 6;
    %assign/vec4 v0x561745955da0_0, 0;
    %jmp T_15.1;
T_15.0 ;
    %load/vec4 v0x561745948f80_0;
    %assign/vec4 v0x561745955da0_0, 0;
T_15.1 ;
    %jmp T_15;
    .thread T_15;
    .scope S_0x5617458fd3e0;
T_16 ;
    %wait E_0x5617458be350;
    %load/vec4 v0x561745955a40_0;
    %flag_set/vec4 8;
    %jmp/0xz  T_16.0, 8;
    %pushi/vec4 0, 0, 2;
    %assign/vec4 v0x561745954f20_0, 0;
    %jmp T_16.1;
T_16.0 ;
    %load/vec4 v0x5617459487c0_0;
    %assign/vec4 v0x561745954f20_0, 0;
T_16.1 ;
    %jmp T_16;
    .thread T_16;
    .scope S_0x5617458fd3e0;
T_17 ;
    %wait E_0x5617458be350;
    %load/vec4 v0x561745955a40_0;
    %flag_set/vec4 8;
    %jmp/0xz  T_17.0, 8;
    %pushi/vec4 0, 0, 4;
    %assign/vec4 v0x561745954e40_0, 0;
    %jmp T_17.1;
T_17.0 ;
    %load/vec4 v0x5617459486e0_0;
    %assign/vec4 v0x561745954e40_0, 0;
T_17.1 ;
    %jmp T_17;
    .thread T_17;
    .scope S_0x5617458fd3e0;
T_18 ;
    %wait E_0x5617458be350;
    %load/vec4 v0x561745955a40_0;
    %flag_set/vec4 8;
    %jmp/0xz  T_18.0, 8;
    %pushi/vec4 0, 0, 4;
    %assign/vec4 v0x5617459550e0_0, 0;
    %jmp T_18.1;
T_18.0 ;
    %load/vec4 v0x561745948980_0;
    %assign/vec4 v0x5617459550e0_0, 0;
T_18.1 ;
    %jmp T_18;
    .thread T_18;
    .scope S_0x5617458fd3e0;
T_19 ;
    %wait E_0x5617458be350;
    %load/vec4 v0x561745955a40_0;
    %flag_set/vec4 8;
    %jmp/0xz  T_19.0, 8;
    %pushi/vec4 0, 0, 4;
    %assign/vec4 v0x561745955000_0, 0;
    %jmp T_19.1;
T_19.0 ;
    %load/vec4 v0x5617459488a0_0;
    %assign/vec4 v0x561745955000_0, 0;
T_19.1 ;
    %jmp T_19;
    .thread T_19;
    .scope S_0x5617458fd3e0;
T_20 ;
    %wait E_0x5617458be350;
    %load/vec4 v0x561745955a40_0;
    %flag_set/vec4 8;
    %jmp/0xz  T_20.0, 8;
    %pushi/vec4 0, 0, 4;
    %assign/vec4 v0x5617459552a0_0, 0;
    %jmp T_20.1;
T_20.0 ;
    %load/vec4 v0x561745948b40_0;
    %assign/vec4 v0x5617459552a0_0, 0;
T_20.1 ;
    %jmp T_20;
    .thread T_20;
    .scope S_0x5617458fd3e0;
T_21 ;
    %wait E_0x5617458be350;
    %load/vec4 v0x561745955a40_0;
    %flag_set/vec4 8;
    %jmp/0xz  T_21.0, 8;
    %pushi/vec4 0, 0, 4;
    %assign/vec4 v0x5617459551c0_0, 0;
    %jmp T_21.1;
T_21.0 ;
    %load/vec4 v0x561745948a60_0;
    %assign/vec4 v0x5617459551c0_0, 0;
T_21.1 ;
    %jmp T_21;
    .thread T_21;
    .scope S_0x5617458f3480;
T_22 ;
    %vpi_call 2 49 "$dumpfile", "test.vcd" {0 0 0};
    %vpi_call 2 50 "$dumpvars", 32'sb00000000000000000000000000000000, S_0x5617458f3480 {0 0 0};
    %end;
    .thread T_22;
    .scope S_0x5617458f3480;
T_23 ;
    %pushi/vec4 0, 0, 1;
    %store/vec4 v0x561745956ba0_0, 0, 1;
T_23.0 ;
    %delay 2755359744, 11;
    %load/vec4 v0x561745956ba0_0;
    %inv;
    %store/vec4 v0x561745956ba0_0, 0, 1;
    %jmp T_23.0;
    %end;
    .thread T_23;
    .scope S_0x5617458f3480;
T_24 ;
    %pushi/vec4 1, 0, 1;
    %store/vec4 v0x561745956c70_0, 0, 1;
    %pushi/vec4 1, 0, 2;
    %store/vec4 v0x5617459562a0_0, 0, 2;
    %pushi/vec4 0, 0, 4;
    %store/vec4 v0x561745956200_0, 0, 4;
    %pushi/vec4 1, 0, 4;
    %store/vec4 v0x5617459566c0_0, 0, 4;
    %pushi/vec4 4, 0, 4;
    %store/vec4 v0x5617459565f0_0, 0, 4;
    %pushi/vec4 0, 0, 1;
    %store/vec4 v0x561745956520_0, 0, 1;
    %pushi/vec4 0, 0, 1;
    %store/vec4 v0x561745956480_0, 0, 1;
    %pushi/vec4 0, 0, 1;
    %store/vec4 v0x561745956930_0, 0, 1;
    %pushi/vec4 0, 0, 1;
    %store/vec4 v0x5617459560a0_0, 0, 1;
    %delay 3567587328, 232;
    %pushi/vec4 0, 0, 1;
    %store/vec4 v0x561745956c70_0, 0, 1;
    %pushi/vec4 1, 0, 2;
    %store/vec4 v0x5617459562a0_0, 0, 2;
    %pushi/vec4 0, 0, 4;
    %store/vec4 v0x561745956200_0, 0, 4;
    %pushi/vec4 2, 0, 4;
    %store/vec4 v0x5617459566c0_0, 0, 4;
    %pushi/vec4 0, 0, 4;
    %store/vec4 v0x5617459565f0_0, 0, 4;
    %pushi/vec4 0, 0, 1;
    %store/vec4 v0x561745956520_0, 0, 1;
    %pushi/vec4 1, 0, 1;
    %store/vec4 v0x561745956480_0, 0, 1;
    %pushi/vec4 0, 0, 1;
    %store/vec4 v0x561745956930_0, 0, 1;
    %pushi/vec4 1, 0, 1;
    %store/vec4 v0x5617459560a0_0, 0, 1;
    %delay 3567587328, 232;
    %pushi/vec4 0, 0, 1;
    %store/vec4 v0x561745956c70_0, 0, 1;
    %pushi/vec4 1, 0, 2;
    %store/vec4 v0x5617459562a0_0, 0, 2;
    %pushi/vec4 0, 0, 4;
    %store/vec4 v0x561745956200_0, 0, 4;
    %pushi/vec4 2, 0, 4;
    %store/vec4 v0x5617459566c0_0, 0, 4;
    %pushi/vec4 0, 0, 4;
    %store/vec4 v0x5617459565f0_0, 0, 4;
    %pushi/vec4 0, 0, 1;
    %store/vec4 v0x561745956520_0, 0, 1;
    %pushi/vec4 0, 0, 1;
    %store/vec4 v0x561745956480_0, 0, 1;
    %pushi/vec4 0, 0, 1;
    %store/vec4 v0x561745956930_0, 0, 1;
    %pushi/vec4 1, 0, 1;
    %store/vec4 v0x5617459560a0_0, 0, 1;
T_24.0 ;
    %load/vec4 v0x561745956160_0;
    %cmpi/ne 1, 0, 1;
    %jmp/0xz T_24.1, 6;
    %wait E_0x5617458be060;
    %jmp T_24.0;
T_24.1 ;
    %delay 3567587328, 232;
    %pushi/vec4 1, 0, 1;
    %store/vec4 v0x561745956930_0, 0, 1;
    %delay 3567587328, 232;
    %pushi/vec4 0, 0, 1;
    %store/vec4 v0x561745956930_0, 0, 1;
    %pushi/vec4 0, 0, 2;
    %store/vec4 v0x5617459562a0_0, 0, 2;
    %pushi/vec4 4, 0, 4;
    %store/vec4 v0x561745956200_0, 0, 4;
    %pushi/vec4 4, 0, 4;
    %store/vec4 v0x5617459566c0_0, 0, 4;
    %pushi/vec4 5, 0, 4;
    %store/vec4 v0x5617459565f0_0, 0, 4;
    %pushi/vec4 1, 0, 1;
    %store/vec4 v0x561745956520_0, 0, 1;
    %pushi/vec4 0, 0, 1;
    %store/vec4 v0x561745956480_0, 0, 1;
    %delay 3567587328, 232;
    %pushi/vec4 0, 0, 1;
    %store/vec4 v0x561745956930_0, 0, 1;
    %pushi/vec4 0, 0, 2;
    %store/vec4 v0x5617459562a0_0, 0, 2;
    %pushi/vec4 4, 0, 4;
    %store/vec4 v0x561745956200_0, 0, 4;
    %pushi/vec4 5, 0, 4;
    %store/vec4 v0x5617459566c0_0, 0, 4;
    %pushi/vec4 5, 0, 4;
    %store/vec4 v0x5617459565f0_0, 0, 4;
    %pushi/vec4 1, 0, 1;
    %store/vec4 v0x561745956480_0, 0, 1;
    %pushi/vec4 0, 0, 1;
    %store/vec4 v0x561745956520_0, 0, 1;
T_24.2 ;
    %load/vec4 v0x561745956160_0;
    %cmpi/ne 1, 0, 1;
    %jmp/0xz T_24.3, 6;
    %wait E_0x5617458be060;
    %jmp T_24.2;
T_24.3 ;
    %delay 3567587328, 232;
    %pushi/vec4 1, 0, 1;
    %store/vec4 v0x561745956930_0, 0, 1;
    %end;
    .thread T_24;
# The file index is used to find the file name in the following table.
:file_names 4;
    "N/A";
    "<interactive>";
    "iiitb_aclock_tb.v";
    "synth.v";
